<?xml version="1.0" encoding="UTF-8"?>
<!-- Generated by org.testng.reporters.JUnitReportReporter -->
<testsuite skipped="0" hostname="LAPTOP-G0UQGSFP" name="Happy_Path_Patient_Web_and_MR.cukes.DemoWebSpiceJet" tests="2" failures="0" timestamp="2025-04-21T21:30:57 IST" time="234.659" errors="0">
  <testcase name="runScenario" time="14.392" classname="Happy_Path_Patient_Web_and_MR.cukes.DemoWebSpiceJet"/>
  <system-out/>
  <testcase name="runScenario" time="220.267" classname="Happy_Path_Patient_Web_and_MR.cukes.DemoWebSpiceJet"/>
  <system-out/>
</testsuite> <!-- Happy_Path_Patient_Web_and_MR.cukes.DemoWebSpiceJet -->
